<?xml version="1.0" encoding="UTF-8"?>
<TestRun id="9b2b7e07-1f14-4881-94d3-d0d92a9f6f44" name="Hrasko@DELLOREAN 2013-10-04 16:55:49" runUser="DELLOREAN\Hrasko" xmlns="http://microsoft.com/schemas/VisualStudio/TeamTest/2010">
  <TestSettings name="Local" id="944d5b6d-9a3b-436d-8809-3ea2e9a748e2">
    <Description>These are default test settings for a local test run.</Description>
    <Deployment enabled="false" runDeploymentRoot="Hrasko_DELLOREAN 2013-10-04 16_55_49">
      <DeploymentItem filename="C:\Users\Hrasko\git\aulas\Arena\Arena\Arena\bin\Debug\Arena.exe" />
    </Deployment>
    <Execution>
      <TestTypeSpecific />
      <AgentRule name="Execution Agents">
      </AgentRule>
    </Execution>
  </TestSettings>
  <Times creation="2013-10-04T16:55:49.2285295-03:00" queuing="2013-10-04T16:55:49.3985392-03:00" start="2013-10-04T16:55:49.4265408-03:00" finish="2013-10-04T16:55:50.2205863-03:00" />
  <ResultSummary outcome="Failed">
    <Counters total="2" executed="2" passed="1" error="0" failed="1" timeout="0" aborted="0" inconclusive="0" passedButRunAborted="0" notRunnable="0" notExecuted="0" disconnected="0" warning="0" completed="0" inProgress="0" pending="0" />
  </ResultSummary>
  <TestDefinitions>
    <UnitTest name="GetSwing" storage="c:\users\hrasko\git\aulas\arena\arena\arenatest\bin\debug\arenatest.dll" id="a5566bfa-4871-e330-3f88-ed82b6451ef9">
      <Execution id="15f56c9a-dee3-4bdf-81aa-50376d5b11f4" />
      <TestMethod codeBase="C:/Users/Hrasko/git/aulas/Arena/Arena/ArenaTest/bin/Debug/ArenaTest.DLL" adapterTypeName="Microsoft.VisualStudio.TestTools.TestTypes.Unit.UnitTestAdapter, Microsoft.VisualStudio.QualityTools.Tips.UnitTest.Adapter, Version=10.0.0.0, Culture=neutral, PublicKeyToken=b03f5f7f11d50a3a" className="ArenaTest.DanoTest, ArenaTest, Version=1.0.0.0, Culture=neutral, PublicKeyToken=null" name="GetSwing" />
    </UnitTest>
    <UnitTest name="GetThrust" storage="c:\users\hrasko\git\aulas\arena\arena\arenatest\bin\debug\arenatest.dll" id="b11625be-f7ed-cf6f-18f6-5101925d3249">
      <Execution id="a962b111-c919-4a21-84ba-0b2ca7eaa908" />
      <TestMethod codeBase="C:/Users/Hrasko/git/aulas/Arena/Arena/ArenaTest/bin/Debug/ArenaTest.DLL" adapterTypeName="Microsoft.VisualStudio.TestTools.TestTypes.Unit.UnitTestAdapter, Microsoft.VisualStudio.QualityTools.Tips.UnitTest.Adapter, Version=10.0.0.0, Culture=neutral, PublicKeyToken=b03f5f7f11d50a3a" className="ArenaTest.DanoTest, ArenaTest, Version=1.0.0.0, Culture=neutral, PublicKeyToken=null" name="GetThrust" />
    </UnitTest>
  </TestDefinitions>
  <TestLists>
    <TestList name="Results Not in a List" id="8c84fa94-04c1-424b-9868-57a2d4851a1d" />
    <TestList name="All Loaded Results" id="19431567-8539-422a-85d7-44ee4e166bda" />
  </TestLists>
  <TestEntries>
    <TestEntry testId="a5566bfa-4871-e330-3f88-ed82b6451ef9" executionId="15f56c9a-dee3-4bdf-81aa-50376d5b11f4" testListId="8c84fa94-04c1-424b-9868-57a2d4851a1d" />
    <TestEntry testId="b11625be-f7ed-cf6f-18f6-5101925d3249" executionId="a962b111-c919-4a21-84ba-0b2ca7eaa908" testListId="8c84fa94-04c1-424b-9868-57a2d4851a1d" />
  </TestEntries>
  <Results>
    <UnitTestResult executionId="15f56c9a-dee3-4bdf-81aa-50376d5b11f4" testId="a5566bfa-4871-e330-3f88-ed82b6451ef9" testName="GetSwing" computerName="DELLOREAN" duration="00:00:00.3972116" startTime="2013-10-04T16:55:49.4345413-03:00" endTime="2013-10-04T16:55:50.1405817-03:00" testType="13cdc9d9-ddb5-4fa4-a97d-d965ccfc6d4b" outcome="Passed" testListId="8c84fa94-04c1-424b-9868-57a2d4851a1d" relativeResultsDirectory="15f56c9a-dee3-4bdf-81aa-50376d5b11f4">
    </UnitTestResult>
    <UnitTestResult executionId="a962b111-c919-4a21-84ba-0b2ca7eaa908" testId="b11625be-f7ed-cf6f-18f6-5101925d3249" testName="GetThrust" computerName="DELLOREAN" duration="00:00:00.0277740" startTime="2013-10-04T16:55:50.1415817-03:00" endTime="2013-10-04T16:55:50.1715835-03:00" testType="13cdc9d9-ddb5-4fa4-a97d-d965ccfc6d4b" outcome="Failed" testListId="8c84fa94-04c1-424b-9868-57a2d4851a1d" relativeResultsDirectory="a962b111-c919-4a21-84ba-0b2ca7eaa908">
      <Output>
        <ErrorInfo>
          <Message>Assert.AreEqual failed. Expected:&lt;-1&gt;. Actual:&lt;0&gt;. </Message>
          <StackTrace>   em ArenaTest.DanoTest.GetThrust() na C:\Users\Hrasko\git\aulas\Arena\Arena\ArenaTest\DanoTest.cs:linha 133
</StackTrace>
        </ErrorInfo>
      </Output>
    </UnitTestResult>
  </Results>
</TestRun>