<?xml version="1.0" encoding="UTF-8"?>
<TestRun id="27c4bd27-f99b-45c9-85e3-5e9efe7a1e16" name="Hrasko@DELLOREAN 2013-10-04 16:43:38" runUser="DELLOREAN\Hrasko" xmlns="http://microsoft.com/schemas/VisualStudio/TeamTest/2010">
  <TestSettings name="Local" id="944d5b6d-9a3b-436d-8809-3ea2e9a748e2">
    <Description>These are default test settings for a local test run.</Description>
    <Deployment userDeploymentRoot="C:\Users\Hrasko\git\aulas\Arena\Arena\TestResults" useDefaultDeploymentRoot="false" enabled="false" runDeploymentRoot="Hrasko_DELLOREAN 2013-10-04 16_43_38">
      <DeploymentItem filename="C:\Users\Hrasko\git\aulas\Arena\Arena\Arena\bin\Debug\Arena.exe" />
    </Deployment>
    <Execution>
      <TestTypeSpecific />
      <AgentRule name="Execution Agents">
      </AgentRule>
    </Execution>
  </TestSettings>
  <Times creation="2013-10-04T16:43:38.1717155-03:00" queuing="2013-10-04T16:43:39.3467827-03:00" start="2013-10-04T16:43:39.4557889-03:00" finish="2013-10-04T16:43:51.0084497-03:00" />
  <ResultSummary outcome="Error">
    <Counters total="1" executed="1" error="0" failed="0" timeout="0" aborted="1" inconclusive="0" passedButRunAborted="0" notRunnable="0" notExecuted="0" disconnected="0" warning="0" passed="0" completed="0" inProgress="0" pending="0" />
    <RunInfos>
      <RunInfo computerName="DELLOREAN" outcome="Error" timestamp="2013-10-04T16:43:51.0074496-03:00">
        <Text>Test host process exited unexpectedly.</Text>
      </RunInfo>
    </RunInfos>
  </ResultSummary>
  <TestDefinitions>
    <UnitTest name="GetThrust" storage="c:\users\hrasko\git\aulas\arena\arena\arenatest\bin\debug\arenatest.dll" id="b11625be-f7ed-cf6f-18f6-5101925d3249">
      <Execution id="ff235bbf-d543-4e6e-9ace-305b84416f0a" />
      <TestMethod codeBase="C:/Users/Hrasko/git/aulas/Arena/Arena/ArenaTest/bin/Debug/ArenaTest.DLL" adapterTypeName="Microsoft.VisualStudio.TestTools.TestTypes.Unit.UnitTestAdapter, Microsoft.VisualStudio.QualityTools.Tips.UnitTest.Adapter, Version=10.0.0.0, Culture=neutral, PublicKeyToken=b03f5f7f11d50a3a" className="ArenaTest.DanoTest, ArenaTest, Version=1.0.0.0, Culture=neutral, PublicKeyToken=null" name="GetThrust" />
    </UnitTest>
  </TestDefinitions>
  <TestLists>
    <TestList name="Results Not in a List" id="8c84fa94-04c1-424b-9868-57a2d4851a1d" />
    <TestList name="All Loaded Results" id="19431567-8539-422a-85d7-44ee4e166bda" />
  </TestLists>
  <TestEntries>
    <TestEntry testId="b11625be-f7ed-cf6f-18f6-5101925d3249" executionId="ff235bbf-d543-4e6e-9ace-305b84416f0a" testListId="8c84fa94-04c1-424b-9868-57a2d4851a1d" />
  </TestEntries>
  <Results>
    <UnitTestResult executionId="ff235bbf-d543-4e6e-9ace-305b84416f0a" testId="b11625be-f7ed-cf6f-18f6-5101925d3249" testName="GetThrust" computerName="DELLOREAN" duration="00:00:11.5056581" startTime="2013-10-04T16:43:39.5027916-03:00" endTime="2013-10-04T16:43:51.0084497-03:00" testType="13cdc9d9-ddb5-4fa4-a97d-d965ccfc6d4b" outcome="Aborted" testListId="8c84fa94-04c1-424b-9868-57a2d4851a1d" relativeResultsDirectory="ff235bbf-d543-4e6e-9ace-305b84416f0a">
    </UnitTestResult>
  </Results>
</TestRun>