<?xml version="1.0" encoding="UTF-8"?>
<TestRun id="4a08d478-55f5-4a12-a9d3-d886248a7df8" name="Hrasko@DELLOREAN 2013-10-04 15:44:59" runUser="DELLOREAN\Hrasko" xmlns="http://microsoft.com/schemas/VisualStudio/TeamTest/2010">
  <TestSettings name="Local" id="944d5b6d-9a3b-436d-8809-3ea2e9a748e2">
    <Description>These are default test settings for a local test run.</Description>
    <Deployment enabled="false" runDeploymentRoot="Hrasko_DELLOREAN 2013-10-04 15_44_59">
      <DeploymentItem filename="C:\Users\Hrasko\git\aulas\Arena\Arena\Arena\bin\Debug\Arena.exe" />
    </Deployment>
    <Execution>
      <TestTypeSpecific />
      <AgentRule name="Execution Agents">
      </AgentRule>
    </Execution>
  </TestSettings>
  <Times creation="2013-10-04T15:44:59.5354610-03:00" queuing="2013-10-04T15:45:00.7305293-03:00" start="2013-10-04T15:45:00.8525363-03:00" finish="2013-10-04T15:45:15.8323931-03:00" />
  <ResultSummary outcome="Error">
    <Counters total="1" executed="1" error="0" failed="0" timeout="0" aborted="1" inconclusive="0" passedButRunAborted="0" notRunnable="0" notExecuted="0" disconnected="0" warning="0" passed="0" completed="0" inProgress="0" pending="0" />
    <RunInfos>
      <RunInfo computerName="DELLOREAN" outcome="Error" timestamp="2013-10-04T15:45:15.8293929-03:00">
        <Text>Test host process exited unexpectedly.</Text>
      </RunInfo>
    </RunInfos>
  </ResultSummary>
  <TestDefinitions>
    <UnitTest name="GetSwing" storage="c:\users\hrasko\git\aulas\arena\arena\arenatest\bin\debug\arenatest.dll" id="a5566bfa-4871-e330-3f88-ed82b6451ef9">
      <Execution id="a4260f04-59e6-4dd0-a673-70f43c58be2d" />
      <TestMethod codeBase="C:/Users/Hrasko/git/aulas/Arena/Arena/ArenaTest/bin/Debug/ArenaTest.DLL" adapterTypeName="Microsoft.VisualStudio.TestTools.TestTypes.Unit.UnitTestAdapter, Microsoft.VisualStudio.QualityTools.Tips.UnitTest.Adapter, Version=10.0.0.0, Culture=neutral, PublicKeyToken=b03f5f7f11d50a3a" className="ArenaTest.DanoTest, ArenaTest, Version=1.0.0.0, Culture=neutral, PublicKeyToken=null" name="GetSwing" />
    </UnitTest>
  </TestDefinitions>
  <TestLists>
    <TestList name="Results Not in a List" id="8c84fa94-04c1-424b-9868-57a2d4851a1d" />
    <TestList name="All Loaded Results" id="19431567-8539-422a-85d7-44ee4e166bda" />
  </TestLists>
  <TestEntries>
    <TestEntry testId="a5566bfa-4871-e330-3f88-ed82b6451ef9" executionId="a4260f04-59e6-4dd0-a673-70f43c58be2d" testListId="8c84fa94-04c1-424b-9868-57a2d4851a1d" />
  </TestEntries>
  <Results>
    <UnitTestResult executionId="a4260f04-59e6-4dd0-a673-70f43c58be2d" testId="a5566bfa-4871-e330-3f88-ed82b6451ef9" testName="GetSwing" computerName="DELLOREAN" duration="00:00:14.8148473" startTime="2013-10-04T15:45:01.0165457-03:00" endTime="2013-10-04T15:45:15.8313930-03:00" testType="13cdc9d9-ddb5-4fa4-a97d-d965ccfc6d4b" outcome="Aborted" testListId="8c84fa94-04c1-424b-9868-57a2d4851a1d" relativeResultsDirectory="a4260f04-59e6-4dd0-a673-70f43c58be2d">
    </UnitTestResult>
  </Results>
</TestRun>